{
  "stats": {
    "suites": 8,
    "tests": 31,
    "passes": 31,
    "pending": 0,
    "failures": 0,
    "start": "2024-04-08T09:24:47.273Z",
    "end": "2024-04-08T09:24:50.538Z",
    "duration": 3265,
    "testsRegistered": 31,
    "passPercent": 100,
    "pendingPercent": 0,
    "other": 0,
    "hasOther": false,
    "skipped": 0,
    "hasSkipped": false
  },
  "results": [
    {
      "uuid": "69d00a17-4983-42ac-b9d9-8df79b9d5668",
      "title": "",
      "fullFile": "cypress\\e2e\\backend\\endpoints.cy.js",
      "file": "cypress\\e2e\\backend\\endpoints.cy.js",
      "beforeHooks": [],
      "afterHooks": [],
      "tests": [],
      "suites": [
        {
          "uuid": "8ed05025-d3a6-46b2-95fa-8fb333b0783d",
          "title": "GET /api/products",
          "fullFile": "",
          "file": "",
          "beforeHooks": [],
          "afterHooks": [],
          "tests": [
            {
              "title": "returns 200 - success",
              "fullTitle": "GET /api/products returns 200 - success",
              "timedOut": null,
              "duration": 421,
              "state": "passed",
              "speed": "fast",
              "pass": true,
              "fail": false,
              "pending": false,
              "context": null,
              "code": "cy.request(endpoint).then(response => {\n  expect(response.status).to.be.eq(200);\n  expect(response.headers[\"content-type\"]).to.contains(\"application/json\");\n  for (let product of response.body) {\n    expect(product.id).to.be.a(\"string\");\n    expect(product.id).to.be.match(_pattern.UUIDv4);\n    expect(product.name).to.be.a(\"string\");\n    expect(product.description).to.be.a(\"string\");\n    expect(product.category).to.be.a(\"string\");\n    expect(product.originalPrice).to.be.a(\"number\");\n    expect(product.pictureUrl).to.be.a(\"string\");\n    expect(product.endDate).to.be.a(\"string\");\n    expect(product.endDate).to.match(_pattern.IOS8601);\n    expect(product.seller.id).to.be.a(\"string\");\n    expect(product.seller.username).to.be.a(\"string\");\n    for (let bid of product.bids) {\n      expect(bid.id).to.be.a(\"string\");\n      expect(bid.id).to.match(_pattern.UUIDv4);\n      expect(bid.price).to.be.a(\"number\");\n      expect(bid.date).to.be.a(\"string\");\n      expect(bid.date).to.match(_pattern.IOS8601);\n    }\n    const fixtureProduct = response.body.find(item => {\n      return item.id === \"a0f7c522-78f8-442e-a55d-642cfe566634\";\n    });\n    expect(fixtureProduct.id).to.be.eq(\"a0f7c522-78f8-442e-a55d-642cfe566634\");\n    expect(fixtureProduct.name).to.be.eq(\"Lot de casseroles\");\n    expect(fixtureProduct.description).to.be.eq(\"Ensemble de casseroles de qualité supérieure pour répondre à tous vos besoins culinaires.\");\n    expect(fixtureProduct.category).to.be.eq(\"Cuisine\");\n    expect(fixtureProduct.originalPrice).to.be.eq(40);\n    expect(fixtureProduct.pictureUrl).to.be.eq(\"https://image.noelshack.com/fichiers/2023/12/4/1679526253-65535-51812547429-fe1cc0d832-c-512-512-nofilter.jpg\");\n    expect(fixtureProduct.seller.id).to.be.eq(_tokens.aliceId);\n    expect(fixtureProduct.seller.username).to.be.eq(\"alice\");\n    expect(fixtureProduct.bids.some(bid => bid.price === 65)).to.be.true;\n  }\n});",
              "err": {},
              "uuid": "a33bc38c-5b5a-40c4-b807-daa28966d78a",
              "parentUUID": "8ed05025-d3a6-46b2-95fa-8fb333b0783d",
              "isHook": false,
              "skipped": false
            }
          ],
          "suites": [],
          "passes": [
            "a33bc38c-5b5a-40c4-b807-daa28966d78a"
          ],
          "failures": [],
          "pending": [],
          "skipped": [],
          "duration": 421,
          "root": false,
          "rootEmpty": false,
          "_timeout": 2000
        },
        {
          "uuid": "2e11fc36-5496-4f2b-b164-3360df09f71c",
          "title": "POST /api/products",
          "fullFile": "",
          "file": "",
          "beforeHooks": [],
          "afterHooks": [],
          "tests": [
            {
              "title": "returns 401 - not authorized",
              "fullTitle": "POST /api/products returns 401 - not authorized",
              "timedOut": null,
              "duration": 91,
              "state": "passed",
              "speed": "fast",
              "pass": true,
              "fail": false,
              "pending": false,
              "context": null,
              "code": "cy.request({\n  method: \"POST\",\n  url: \"http://localhost:3000/api/products\",\n  headers: {\n    Authorization: `Bearer BAD_TOKEN`\n  },\n  body: {\n    name: \"New Product\",\n    description: \"This is a new product\",\n    category: \"Electronics\",\n    originalPrice: 99,\n    pictureUrl: \"https://example.com/product.jpg\",\n    endDate: \"2023-04-01T00:00:00.000Z\"\n  },\n  failOnStatusCode: false\n}).its(\"status\").should(\"equal\", 401);",
              "err": {},
              "uuid": "96e445be-0a27-4d5c-8c45-7c34cc32ef05",
              "parentUUID": "2e11fc36-5496-4f2b-b164-3360df09f71c",
              "isHook": false,
              "skipped": false
            },
            {
              "title": "returns 201 - created",
              "fullTitle": "POST /api/products returns 201 - created",
              "timedOut": null,
              "duration": 86,
              "state": "passed",
              "speed": "fast",
              "pass": true,
              "fail": false,
              "pending": false,
              "context": null,
              "code": "// Create a new product\ncy.request({\n  method: \"POST\",\n  url: \"http://localhost:3000/api/products\",\n  headers: {\n    Authorization: `Bearer ${_tokens.aliceToken}`\n  },\n  body: {\n    name: \"New Product\",\n    description: \"This is a new product\",\n    category: \"Electronics\",\n    originalPrice: 99,\n    pictureUrl: \"https://example.com/product.jpg\",\n    endDate: \"2023-04-01T00:00:00.000Z\"\n  }\n}).then(response => {\n  // Assert that the response is as expected\n  expect(response.status).to.eq(201);\n  expect(response.body.id).to.be.match(_pattern.UUIDv4);\n  expect(response.body.name).to.eq(\"New Product\");\n  expect(response.body.description).to.eq(\"This is a new product\");\n  expect(response.body.category).to.eq(\"Electronics\");\n  expect(response.body.originalPrice).to.eq(99);\n  expect(response.body.pictureUrl).to.eq(\"https://example.com/product.jpg\");\n  expect(response.body.endDate).to.eq(\"2023-04-01T00:00:00.000Z\");\n  expect(response.body.sellerId).to.eq(_tokens.aliceId);\n});",
              "err": {},
              "uuid": "09085599-4a76-4fa4-aaab-b78460cd6134",
              "parentUUID": "2e11fc36-5496-4f2b-b164-3360df09f71c",
              "isHook": false,
              "skipped": false
            },
            {
              "title": "returns 400 - missing or invalid fields",
              "fullTitle": "POST /api/products returns 400 - missing or invalid fields",
              "timedOut": null,
              "duration": 86,
              "state": "passed",
              "speed": "fast",
              "pass": true,
              "fail": false,
              "pending": false,
              "context": null,
              "code": "// Create a new product\ncy.request({\n  method: \"POST\",\n  url: \"http://localhost:3000/api/products\",\n  headers: {\n    Authorization: `Bearer ${_tokens.aliceToken}`\n  },\n  body: {\n    // Missing name: \"Machine à écrire\",\n    description: \"Machine à écrire vintage en parfait état de fonctionnement pour une expérience d'écriture unique et authentique.\",\n    pictureUrl: \"https://picsum.photos/id/403/512/512\",\n    category: \"High-Tech\",\n    originalPrice: 200,\n    endDate: \"2026-01-01T09:00:00Z\"\n  },\n  failOnStatusCode: false\n}).then(req => {\n  expect(req.status).to.be.eq(400);\n  expect(req.body.error).to.be.eq(\"Invalid or missing fields\");\n  expect(req.body.details).to.exist;\n});",
              "err": {},
              "uuid": "a1ceed3f-1d4b-4bdb-b34c-a00e467125f1",
              "parentUUID": "2e11fc36-5496-4f2b-b164-3360df09f71c",
              "isHook": false,
              "skipped": false
            },
            {
              "title": "check mutation - object created in database",
              "fullTitle": "POST /api/products check mutation - object created in database",
              "timedOut": null,
              "duration": 91,
              "state": "passed",
              "speed": "fast",
              "pass": true,
              "fail": false,
              "pending": false,
              "context": null,
              "code": "// Create a new product\n(0, _orm.getProducts)().then(({\n  products: productsBeforeCreation\n}) => {\n  (0, _orm.createProduct)().then(({\n    product\n  }) => {\n    (0, _orm.getProducts)().then(({\n      products: productsAfterCreation\n    }) => {\n      const newProducts = productsAfterCreation.filter(product => productsBeforeCreation.every(existingProduct => existingProduct.id !== product.id));\n      expect(newProducts.length).to.be.eq(1);\n      const newProduct = newProducts[0];\n      expect(newProduct.id).to.be.match(_pattern.UUIDv4);\n      expect(newProduct.name).to.eq(name);\n      expect(newProduct.description).to.eq(product.description);\n      expect(newProduct.category).to.eq(product.category);\n      expect(newProduct.originalPrice).to.eq(product.originalPrice);\n      expect(newProduct.pictureUrl).to.eq(product.pictureUrl);\n      expect(newProduct.endDate).to.eq(product.endDate);\n      expect(newProduct.seller.id).to.eq(_tokens.aliceId);\n      expect(newProduct.seller.username).to.eq(\"alice\");\n    });\n  });\n});",
              "err": {},
              "uuid": "377d1f4c-50b2-4a90-afeb-118e07087236",
              "parentUUID": "2e11fc36-5496-4f2b-b164-3360df09f71c",
              "isHook": false,
              "skipped": false
            }
          ],
          "suites": [],
          "passes": [
            "96e445be-0a27-4d5c-8c45-7c34cc32ef05",
            "09085599-4a76-4fa4-aaab-b78460cd6134",
            "a1ceed3f-1d4b-4bdb-b34c-a00e467125f1",
            "377d1f4c-50b2-4a90-afeb-118e07087236"
          ],
          "failures": [],
          "pending": [],
          "skipped": [],
          "duration": 354,
          "root": false,
          "rootEmpty": false,
          "_timeout": 2000
        },
        {
          "uuid": "6047d18c-2454-4a13-8d36-b6ffc6ef038a",
          "title": "GET /api/products/:productId",
          "fullFile": "",
          "file": "",
          "beforeHooks": [],
          "afterHooks": [],
          "tests": [
            {
              "title": "returns 404 - not found",
              "fullTitle": "GET /api/products/:productId returns 404 - not found",
              "timedOut": null,
              "duration": 83,
              "state": "passed",
              "speed": "fast",
              "pass": true,
              "fail": false,
              "pending": false,
              "context": null,
              "code": "cy.request({\n  url: \"http://localhost:3000/api/products/not-existing-id\",\n  failOnStatusCode: false\n}).its(\"status\").should(\"equal\", 404);",
              "err": {},
              "uuid": "bfca9f45-a870-4a5f-816e-595a20e55ab9",
              "parentUUID": "6047d18c-2454-4a13-8d36-b6ffc6ef038a",
              "isHook": false,
              "skipped": false
            },
            {
              "title": "returns 200 - success",
              "fullTitle": "GET /api/products/:productId returns 200 - success",
              "timedOut": null,
              "duration": 109,
              "state": "passed",
              "speed": "fast",
              "pass": true,
              "fail": false,
              "pending": false,
              "context": null,
              "code": "cy.request(endpoint).then(response => {\n  expect(response.status).to.be.eq(200);\n  expect(response.headers[\"content-type\"]).to.includes(\"application/json\");\n  const product = response.body;\n  expect(product.id).to.be.eq(\"a0f7c522-78f8-442e-a55d-642cfe566634\");\n  expect(product.name).to.be.eq(\"Lot de casseroles\");\n  expect(product.description).to.be.eq(\"Ensemble de casseroles de qualité supérieure pour répondre à tous vos besoins culinaires.\");\n  expect(product.category).to.be.eq(\"Cuisine\");\n  expect(product.originalPrice).to.be.eq(40);\n  expect(product.pictureUrl).to.be.eq(\"https://image.noelshack.com/fichiers/2023/12/4/1679526253-65535-51812547429-fe1cc0d832-c-512-512-nofilter.jpg\");\n  expect(product.seller.id).to.be.eq(_tokens.aliceId);\n  expect(product.seller.username).to.be.eq(\"alice\");\n  const bid = response.body.bids.find(bid => bid.price === 65);\n  expect(bid.id).to.be.eq(\"8ccc6e79-f3c9-43e9-b47e-5be7b84d8de7\");\n  expect(bid.bidder.id).to.be.eq(_tokens.charlyId);\n  expect(bid.bidder.username).to.be.eq(\"charly\");\n});",
              "err": {},
              "uuid": "61075687-99cc-4025-98c7-627865874ea1",
              "parentUUID": "6047d18c-2454-4a13-8d36-b6ffc6ef038a",
              "isHook": false,
              "skipped": false
            }
          ],
          "suites": [],
          "passes": [
            "bfca9f45-a870-4a5f-816e-595a20e55ab9",
            "61075687-99cc-4025-98c7-627865874ea1"
          ],
          "failures": [],
          "pending": [],
          "skipped": [],
          "duration": 192,
          "root": false,
          "rootEmpty": false,
          "_timeout": 2000
        },
        {
          "uuid": "81da23c4-9928-400a-ab13-c806a9314a98",
          "title": "PUT /api/products/:productId",
          "fullFile": "",
          "file": "",
          "beforeHooks": [],
          "afterHooks": [],
          "tests": [
            {
              "title": "returns 401 - not authorized",
              "fullTitle": "PUT /api/products/:productId returns 401 - not authorized",
              "timedOut": null,
              "duration": 60,
              "state": "passed",
              "speed": "fast",
              "pass": true,
              "fail": false,
              "pending": false,
              "context": null,
              "code": "cy.request({\n  method: \"PUT\",\n  url: endpoint,\n  headers: {\n    Authorization: `Bearer BAD_TOKEN`\n  },\n  body: {\n    name: \"Machine à écrire\",\n    description: \"Machine à écrire vintage en parfait état de fonctionnement pour une expérience d'écriture unique et authentique.\",\n    pictureUrl: \"https://picsum.photos/id/403/512/512\",\n    category: \"High-Tech\",\n    originalPrice: 200,\n    endDate: \"2026-01-01T09:00:00Z\"\n  },\n  failOnStatusCode: false\n}).its(\"status\").should(\"equal\", 401);",
              "err": {},
              "uuid": "3006b86d-9f6b-4e39-a317-2fba1b7ddfb5",
              "parentUUID": "81da23c4-9928-400a-ab13-c806a9314a98",
              "isHook": false,
              "skipped": false
            },
            {
              "title": "returns 200 - success, when owner edit",
              "fullTitle": "PUT /api/products/:productId returns 200 - success, when owner edit",
              "timedOut": null,
              "duration": 78,
              "state": "passed",
              "speed": "fast",
              "pass": true,
              "fail": false,
              "pending": false,
              "context": null,
              "code": "cy.request({\n  url: endpoint,\n  method: \"PUT\",\n  headers: {\n    Authorization: `Bearer ${_tokens.aliceToken}`\n  },\n  body: {\n    name: \"Machine à écrire\",\n    description: \"Machine à écrire vintage en parfait état de fonctionnement pour une expérience d'écriture unique et authentique.\",\n    pictureUrl: \"https://picsum.photos/id/403/512/512\",\n    category: \"High-Tech\",\n    originalPrice: 200,\n    endDate: \"2026-01-01T09:00:00Z\"\n  }\n}).its(\"status\").should(\"equal\", 200);",
              "err": {},
              "uuid": "96c7e49d-b620-43a5-bb71-03bfb2b0eb9b",
              "parentUUID": "81da23c4-9928-400a-ab13-c806a9314a98",
              "isHook": false,
              "skipped": false
            },
            {
              "title": "returns 403 - forbidden, when non owner edit",
              "fullTitle": "PUT /api/products/:productId returns 403 - forbidden, when non owner edit",
              "timedOut": null,
              "duration": 64,
              "state": "passed",
              "speed": "fast",
              "pass": true,
              "fail": false,
              "pending": false,
              "context": null,
              "code": "cy.request({\n  url: endpoint,\n  method: \"PUT\",\n  headers: {\n    Authorization: `Bearer ${_tokens.bobToken}`\n  },\n  body: {\n    name: \"Machine à écrire\",\n    description: \"Machine à écrire vintage en parfait état de fonctionnement pour une expérience d'écriture unique et authentique.\",\n    pictureUrl: \"https://picsum.photos/id/403/512/512\",\n    category: \"High-Tech\",\n    originalPrice: 200,\n    endDate: \"2026-01-01T09:00:00Z\"\n  },\n  failOnStatusCode: false\n}).its(\"status\").should(\"equal\", 403);",
              "err": {},
              "uuid": "a09a4c23-c1b2-40ff-b227-d537ed9da940",
              "parentUUID": "81da23c4-9928-400a-ab13-c806a9314a98",
              "isHook": false,
              "skipped": false
            },
            {
              "title": "returns 200 - success, when admin edit",
              "fullTitle": "PUT /api/products/:productId returns 200 - success, when admin edit",
              "timedOut": null,
              "duration": 72,
              "state": "passed",
              "speed": "fast",
              "pass": true,
              "fail": false,
              "pending": false,
              "context": null,
              "code": "cy.request({\n  url: endpoint,\n  method: \"PUT\",\n  headers: {\n    Authorization: `Bearer ${_tokens.adminToken}`\n  },\n  body: {\n    name: \"Machine à écrire\",\n    description: \"Machine à écrire vintage en parfait état de fonctionnement pour une expérience d'écriture unique et authentique.\",\n    pictureUrl: \"https://picsum.photos/id/403/512/512\",\n    category: \"High-Tech\",\n    originalPrice: 200,\n    endDate: \"2026-01-01T09:00:00Z\"\n  }\n}).its(\"status\").should(\"equal\", 200);",
              "err": {},
              "uuid": "6cf56f77-0785-404c-bfed-83cdc45a870f",
              "parentUUID": "81da23c4-9928-400a-ab13-c806a9314a98",
              "isHook": false,
              "skipped": false
            },
            {
              "title": "returns 404 - not found",
              "fullTitle": "PUT /api/products/:productId returns 404 - not found",
              "timedOut": null,
              "duration": 51,
              "state": "passed",
              "speed": "fast",
              "pass": true,
              "fail": false,
              "pending": false,
              "context": null,
              "code": "cy.request({\n  url: \"http://localhost:3000/api/products/not-existing-id\",\n  method: \"PUT\",\n  headers: {\n    Authorization: `Bearer ${_tokens.aliceToken}`\n  },\n  body: {\n    name: \"Machine à écrire\",\n    description: \"Machine à écrire vintage en parfait état de fonctionnement pour une expérience d'écriture unique et authentique.\",\n    pictureUrl: \"https://picsum.photos/id/403/512/512\",\n    category: \"High-Tech\",\n    originalPrice: 200,\n    endDate: \"2026-01-01T09:00:00Z\"\n  },\n  failOnStatusCode: false\n}).its(\"status\").should(\"equal\", 404);",
              "err": {},
              "uuid": "27f1890a-f9e4-4abb-aee0-dab5c93ebf7a",
              "parentUUID": "81da23c4-9928-400a-ab13-c806a9314a98",
              "isHook": false,
              "skipped": false
            },
            {
              "title": "check mutation - object updated in database",
              "fullTitle": "PUT /api/products/:productId check mutation - object updated in database",
              "timedOut": null,
              "duration": 90,
              "state": "passed",
              "speed": "fast",
              "pass": true,
              "fail": false,
              "pending": false,
              "context": null,
              "code": "const newProductData = (0, _orm.buildProduct)();\ncy.request({\n  url: endpoint,\n  method: \"PUT\",\n  headers: {\n    Authorization: `Bearer ${_tokens.aliceToken}`\n  },\n  body: {\n    name: newProductData.name,\n    description: newProductData.description,\n    pictureUrl: newProductData.pictureUrl,\n    category: newProductData.category,\n    originalPrice: newProductData.originalPrice,\n    endDate: newProductData.endDate.toISOString()\n  }\n}).then(() => {\n  cy.request(endpoint).then(response => {\n    const product = response.body;\n    expect(response.status).to.be.eq(200);\n    expect(product.id).to.be.eq(\"a0f7c522-78f8-442e-a55d-642cfe566634\");\n    expect(product.name).to.be.eq(newProductData.name);\n    expect(product.description).to.be.eq(newProductData.description);\n    expect(product.category).to.be.eq(newProductData.category);\n    expect(product.originalPrice).to.be.eq(newProductData.originalPrice);\n    expect(product.pictureUrl).to.be.eq(newProductData.pictureUrl);\n    expect(product.endDate).to.be.eq(newProductData.endDate.toISOString());\n    expect(product.seller.id).to.be.eq(_tokens.aliceId);\n    expect(product.seller.username).to.be.eq(\"alice\");\n  });\n});",
              "err": {},
              "uuid": "bc6e62df-2ef0-4fba-a84d-1e63c7b94411",
              "parentUUID": "81da23c4-9928-400a-ab13-c806a9314a98",
              "isHook": false,
              "skipped": false
            }
          ],
          "suites": [],
          "passes": [
            "3006b86d-9f6b-4e39-a317-2fba1b7ddfb5",
            "96c7e49d-b620-43a5-bb71-03bfb2b0eb9b",
            "a09a4c23-c1b2-40ff-b227-d537ed9da940",
            "6cf56f77-0785-404c-bfed-83cdc45a870f",
            "27f1890a-f9e4-4abb-aee0-dab5c93ebf7a",
            "bc6e62df-2ef0-4fba-a84d-1e63c7b94411"
          ],
          "failures": [],
          "pending": [],
          "skipped": [],
          "duration": 415,
          "root": false,
          "rootEmpty": false,
          "_timeout": 2000
        },
        {
          "uuid": "3ba9696e-cdd3-44ee-b9f8-ada58d26b6d4",
          "title": "DELETE /api/products/:productId",
          "fullFile": "",
          "file": "",
          "beforeHooks": [],
          "afterHooks": [],
          "tests": [
            {
              "title": "returns 401 - not authorized",
              "fullTitle": "DELETE /api/products/:productId returns 401 - not authorized",
              "timedOut": null,
              "duration": 47,
              "state": "passed",
              "speed": "fast",
              "pass": true,
              "fail": false,
              "pending": false,
              "context": null,
              "code": "cy.request({\n  method: \"DELETE\",\n  url: endpoint,\n  headers: {\n    Authorization: `Bearer BAD_TOKEN`\n  },\n  failOnStatusCode: false\n}).its(\"status\").should(\"equal\", 401);",
              "err": {},
              "uuid": "f20ac78c-c7ab-4799-8e35-bcfc17850b36",
              "parentUUID": "3ba9696e-cdd3-44ee-b9f8-ada58d26b6d4",
              "isHook": false,
              "skipped": false
            },
            {
              "title": "returns 204 - success, when owner edit",
              "fullTitle": "DELETE /api/products/:productId returns 204 - success, when owner edit",
              "timedOut": null,
              "duration": 69,
              "state": "passed",
              "speed": "fast",
              "pass": true,
              "fail": false,
              "pending": false,
              "context": null,
              "code": "cy.request({\n  url: endpoint,\n  method: \"DELETE\",\n  headers: {\n    Authorization: `Bearer ${_tokens.aliceToken}`\n  }\n}).its(\"status\").should(\"equal\", 204);",
              "err": {},
              "uuid": "e575343c-0d6c-441b-9b2c-8227cb48f525",
              "parentUUID": "3ba9696e-cdd3-44ee-b9f8-ada58d26b6d4",
              "isHook": false,
              "skipped": false
            },
            {
              "title": "returns 403 - forbidden, when non owner edit",
              "fullTitle": "DELETE /api/products/:productId returns 403 - forbidden, when non owner edit",
              "timedOut": null,
              "duration": 52,
              "state": "passed",
              "speed": "fast",
              "pass": true,
              "fail": false,
              "pending": false,
              "context": null,
              "code": "cy.request({\n  url: endpoint,\n  method: \"DELETE\",\n  headers: {\n    Authorization: `Bearer ${_tokens.bobToken}`\n  },\n  failOnStatusCode: false\n}).its(\"status\").should(\"equal\", 403);",
              "err": {},
              "uuid": "32dc10e0-69e2-40e4-b342-92de7b593cbc",
              "parentUUID": "3ba9696e-cdd3-44ee-b9f8-ada58d26b6d4",
              "isHook": false,
              "skipped": false
            },
            {
              "title": "returns 204 - success, when admin edit",
              "fullTitle": "DELETE /api/products/:productId returns 204 - success, when admin edit",
              "timedOut": null,
              "duration": 78,
              "state": "passed",
              "speed": "fast",
              "pass": true,
              "fail": false,
              "pending": false,
              "context": null,
              "code": "cy.request({\n  url: endpoint,\n  method: \"DELETE\",\n  headers: {\n    Authorization: `Bearer ${_tokens.adminToken}`\n  }\n}).its(\"status\").should(\"equal\", 204);",
              "err": {},
              "uuid": "a16171e1-f7d5-4255-8697-54dad14e8d8b",
              "parentUUID": "3ba9696e-cdd3-44ee-b9f8-ada58d26b6d4",
              "isHook": false,
              "skipped": false
            },
            {
              "title": "returns 404 - not found",
              "fullTitle": "DELETE /api/products/:productId returns 404 - not found",
              "timedOut": null,
              "duration": 75,
              "state": "passed",
              "speed": "fast",
              "pass": true,
              "fail": false,
              "pending": false,
              "context": null,
              "code": "cy.request({\n  url: \"http://localhost:3000/api/products/not-existing-id\",\n  method: \"DELETE\",\n  headers: {\n    Authorization: `Bearer ${_tokens.aliceToken}`\n  },\n  failOnStatusCode: false\n}).its(\"status\").should(\"equal\", 404);",
              "err": {},
              "uuid": "9e7da1b0-fb02-4090-90db-c03abd984414",
              "parentUUID": "3ba9696e-cdd3-44ee-b9f8-ada58d26b6d4",
              "isHook": false,
              "skipped": false
            },
            {
              "title": "check mutation - object deleted in database",
              "fullTitle": "DELETE /api/products/:productId check mutation - object deleted in database",
              "timedOut": null,
              "duration": 79,
              "state": "passed",
              "speed": "fast",
              "pass": true,
              "fail": false,
              "pending": false,
              "context": null,
              "code": "cy.request({\n  url: endpoint,\n  method: \"GET\",\n  headers: {\n    Authorization: `Bearer ${_tokens.aliceToken}`\n  }\n}).then(response => {\n  expect(response.status).to.be.eq(200);\n  cy.request({\n    url: endpoint,\n    method: \"DELETE\",\n    headers: {\n      Authorization: `Bearer ${_tokens.aliceToken}`\n    }\n  }).then(response => {\n    expect(response.status).to.be.eq(204);\n    cy.request({\n      url: endpoint,\n      method: \"GET\",\n      headers: {\n        Authorization: `Bearer ${_tokens.aliceToken}`\n      },\n      failOnStatusCode: false\n    }).then(response => {\n      expect(response.status).to.be.eq(404);\n    });\n  });\n});",
              "err": {},
              "uuid": "4985fb82-0365-4833-b20d-ba7768b92bdb",
              "parentUUID": "3ba9696e-cdd3-44ee-b9f8-ada58d26b6d4",
              "isHook": false,
              "skipped": false
            }
          ],
          "suites": [],
          "passes": [
            "f20ac78c-c7ab-4799-8e35-bcfc17850b36",
            "e575343c-0d6c-441b-9b2c-8227cb48f525",
            "32dc10e0-69e2-40e4-b342-92de7b593cbc",
            "a16171e1-f7d5-4255-8697-54dad14e8d8b",
            "9e7da1b0-fb02-4090-90db-c03abd984414",
            "4985fb82-0365-4833-b20d-ba7768b92bdb"
          ],
          "failures": [],
          "pending": [],
          "skipped": [],
          "duration": 400,
          "root": false,
          "rootEmpty": false,
          "_timeout": 2000
        },
        {
          "uuid": "4256681d-520c-46a5-9d8d-3b8da849ee39",
          "title": "POST /api/products/:productId/bids",
          "fullFile": "",
          "file": "",
          "beforeHooks": [],
          "afterHooks": [],
          "tests": [
            {
              "title": "returns 401 - not authorized",
              "fullTitle": "POST /api/products/:productId/bids returns 401 - not authorized",
              "timedOut": null,
              "duration": 78,
              "state": "passed",
              "speed": "fast",
              "pass": true,
              "fail": false,
              "pending": false,
              "context": null,
              "code": "cy.request({\n  method: \"POST\",\n  url: \"http://localhost:3000/api/products/a0f7c522-78f8-442e-a55d-642cfe566634/bids\",\n  headers: {\n    Authorization: `Bearer BAD_TOKEN`\n  },\n  body: {\n    name: \"New Product\",\n    description: \"This is a new product\",\n    category: \"Electronics\",\n    originalPrice: 99,\n    pictureUrl: \"https://example.com/product.jpg\",\n    endDate: \"2023-04-01T00:00:00.000Z\"\n  },\n  failOnStatusCode: false\n}).its(\"status\").should(\"equal\", 401);",
              "err": {},
              "uuid": "8bdf447c-71fa-46ea-8519-fec012f38fba",
              "parentUUID": "4256681d-520c-46a5-9d8d-3b8da849ee39",
              "isHook": false,
              "skipped": false
            },
            {
              "title": "returns 201 - created",
              "fullTitle": "POST /api/products/:productId/bids returns 201 - created",
              "timedOut": null,
              "duration": 85,
              "state": "passed",
              "speed": "fast",
              "pass": true,
              "fail": false,
              "pending": false,
              "context": null,
              "code": "// Create a new product\ncy.request({\n  method: \"POST\",\n  url: \"http://localhost:3000/api/products/a0f7c522-78f8-442e-a55d-642cfe566634/bids\",\n  headers: {\n    Authorization: `Bearer ${_tokens.aliceToken}`\n  },\n  body: {\n    price: 42\n  }\n}).then(response => {\n  // Assert that the response is as expected\n  expect(response.status).to.eq(201);\n  expect(response.body.id).to.be.match(_pattern.UUIDv4);\n  expect(response.body.productId).to.be.match(_pattern.UUIDv4);\n  expect(response.body.price).to.be.a(\"number\");\n  expect(response.body.date).to.match(_pattern.IOS8601);\n  expect(response.body.bidderId).to.match(_pattern.UUIDv4);\n});",
              "err": {},
              "uuid": "d1145a0f-1fdd-4226-a284-7ff891de659f",
              "parentUUID": "4256681d-520c-46a5-9d8d-3b8da849ee39",
              "isHook": false,
              "skipped": false
            },
            {
              "title": "returns 400 - missing or invalid fields",
              "fullTitle": "POST /api/products/:productId/bids returns 400 - missing or invalid fields",
              "timedOut": null,
              "duration": 58,
              "state": "passed",
              "speed": "fast",
              "pass": true,
              "fail": false,
              "pending": false,
              "context": null,
              "code": "// Create a new product\ncy.request({\n  method: \"POST\",\n  url: \"http://localhost:3000/api/products/a0f7c522-78f8-442e-a55d-642cfe566634/bids\",\n  headers: {\n    Authorization: `Bearer ${_tokens.aliceToken}`\n  },\n  body: {\n    // price: 42, missing\n  },\n  failOnStatusCode: false\n}).then(req => {\n  expect(req.status).to.be.eq(400);\n  expect(req.body.error).to.be.eq(\"Invalid or missing fields\");\n  expect(req.body.details).to.exist;\n});",
              "err": {},
              "uuid": "a8db83c7-98b7-4f90-8c37-50d2ea00ba3b",
              "parentUUID": "4256681d-520c-46a5-9d8d-3b8da849ee39",
              "isHook": false,
              "skipped": false
            },
            {
              "title": "check mutation - object created in database",
              "fullTitle": "POST /api/products/:productId/bids check mutation - object created in database",
              "timedOut": null,
              "duration": 91,
              "state": "passed",
              "speed": "fast",
              "pass": true,
              "fail": false,
              "pending": false,
              "context": null,
              "code": "cy.request({\n  method: \"POST\",\n  url: \"http://localhost:3000/api/products/a0f7c522-78f8-442e-a55d-642cfe566634/bids\",\n  headers: {\n    Authorization: `Bearer ${_tokens.aliceToken}`\n  },\n  body: {\n    price: 42\n  }\n}).then(response => {\n  expect(response.status).to.be.eq(201);\n  const newBid = response.body;\n  cy.request(\"http://localhost:3000/api/products/a0f7c522-78f8-442e-a55d-642cfe566634\").then(response => {\n    const product = response.body;\n    expect(product.bids.some(bid => bid.id === newBid.id)).to.be.true;\n  });\n});",
              "err": {},
              "uuid": "150968aa-565d-4705-b553-cb9838166351",
              "parentUUID": "4256681d-520c-46a5-9d8d-3b8da849ee39",
              "isHook": false,
              "skipped": false
            }
          ],
          "suites": [],
          "passes": [
            "8bdf447c-71fa-46ea-8519-fec012f38fba",
            "d1145a0f-1fdd-4226-a284-7ff891de659f",
            "a8db83c7-98b7-4f90-8c37-50d2ea00ba3b",
            "150968aa-565d-4705-b553-cb9838166351"
          ],
          "failures": [],
          "pending": [],
          "skipped": [],
          "duration": 312,
          "root": false,
          "rootEmpty": false,
          "_timeout": 2000
        },
        {
          "uuid": "893fd8ca-84dc-4bae-b27e-587fe7b0ee2b",
          "title": "DELETE /bids/:bidId",
          "fullFile": "",
          "file": "",
          "beforeHooks": [],
          "afterHooks": [],
          "tests": [
            {
              "title": "returns 401 - not authorized",
              "fullTitle": "DELETE /bids/:bidId returns 401 - not authorized",
              "timedOut": null,
              "duration": 80,
              "state": "passed",
              "speed": "fast",
              "pass": true,
              "fail": false,
              "pending": false,
              "context": null,
              "code": "cy.request({\n  method: \"DELETE\",\n  url: endpoint,\n  headers: {\n    Authorization: `Bearer BAD_TOKEN`\n  },\n  failOnStatusCode: false\n}).its(\"status\").should(\"equal\", 401);",
              "err": {},
              "uuid": "08427388-b1c3-4fe0-a3bf-029ad05d59a5",
              "parentUUID": "893fd8ca-84dc-4bae-b27e-587fe7b0ee2b",
              "isHook": false,
              "skipped": false
            },
            {
              "title": "returns 204 - success, when owner edit",
              "fullTitle": "DELETE /bids/:bidId returns 204 - success, when owner edit",
              "timedOut": null,
              "duration": 60,
              "state": "passed",
              "speed": "fast",
              "pass": true,
              "fail": false,
              "pending": false,
              "context": null,
              "code": "cy.request({\n  url: endpoint,\n  method: \"DELETE\",\n  headers: {\n    Authorization: `Bearer ${_tokens.charlyToken}`\n  }\n}).its(\"status\").should(\"equal\", 204);",
              "err": {},
              "uuid": "14f71afe-ee72-4f3d-b4ba-36e88704c1c6",
              "parentUUID": "893fd8ca-84dc-4bae-b27e-587fe7b0ee2b",
              "isHook": false,
              "skipped": false
            },
            {
              "title": "returns 403 - forbidden, when non owner edit",
              "fullTitle": "DELETE /bids/:bidId returns 403 - forbidden, when non owner edit",
              "timedOut": null,
              "duration": 88,
              "state": "passed",
              "speed": "fast",
              "pass": true,
              "fail": false,
              "pending": false,
              "context": null,
              "code": "cy.request({\n  url: endpoint,\n  method: \"DELETE\",\n  headers: {\n    Authorization: `Bearer ${_tokens.bobToken}`\n  },\n  failOnStatusCode: false\n}).its(\"status\").should(\"equal\", 403);",
              "err": {},
              "uuid": "0774f81e-bce9-44e5-b65a-a37ae3aedba5",
              "parentUUID": "893fd8ca-84dc-4bae-b27e-587fe7b0ee2b",
              "isHook": false,
              "skipped": false
            },
            {
              "title": "returns 204 - success, when admin edit",
              "fullTitle": "DELETE /bids/:bidId returns 204 - success, when admin edit",
              "timedOut": null,
              "duration": 78,
              "state": "passed",
              "speed": "fast",
              "pass": true,
              "fail": false,
              "pending": false,
              "context": null,
              "code": "cy.request({\n  url: endpoint,\n  method: \"DELETE\",\n  headers: {\n    Authorization: `Bearer ${_tokens.adminToken}`\n  }\n}).its(\"status\").should(\"equal\", 204);",
              "err": {},
              "uuid": "bf98a91e-1a06-4fdd-845c-d4a0823d0d44",
              "parentUUID": "893fd8ca-84dc-4bae-b27e-587fe7b0ee2b",
              "isHook": false,
              "skipped": false
            },
            {
              "title": "returns 404 - not found",
              "fullTitle": "DELETE /bids/:bidId returns 404 - not found",
              "timedOut": null,
              "duration": 81,
              "state": "passed",
              "speed": "fast",
              "pass": true,
              "fail": false,
              "pending": false,
              "context": null,
              "code": "cy.request({\n  url: \"http://localhost:3000/api/products/not-existing-id\",\n  method: \"DELETE\",\n  headers: {\n    Authorization: `Bearer ${_tokens.aliceToken}`\n  },\n  failOnStatusCode: false\n}).its(\"status\").should(\"equal\", 404);",
              "err": {},
              "uuid": "57e3a8b2-f1ab-471d-9cad-82f79c506d3d",
              "parentUUID": "893fd8ca-84dc-4bae-b27e-587fe7b0ee2b",
              "isHook": false,
              "skipped": false
            },
            {
              "title": "check mutation - object deleted in database",
              "fullTitle": "DELETE /bids/:bidId check mutation - object deleted in database",
              "timedOut": null,
              "duration": 68,
              "state": "passed",
              "speed": "fast",
              "pass": true,
              "fail": false,
              "pending": false,
              "context": null,
              "code": "cy.request({\n  url: \"http://localhost:3000/api/products/a0f7c522-78f8-442e-a55d-642cfe566634\",\n  method: \"GET\",\n  headers: {\n    Authorization: `Bearer ${_tokens.aliceToken}`\n  }\n}).then(response => {\n  const product = response.body;\n  expect(product.bids.some(bid => bid.id === \"8ccc6e79-f3c9-43e9-b47e-5be7b84d8de7\")).to.be.true;\n  cy.request({\n    url: endpoint,\n    method: \"DELETE\",\n    headers: {\n      Authorization: `Bearer ${_tokens.charlyToken}`\n    }\n  }).then(response => {\n    expect(response.status).to.be.eq(204);\n    cy.request({\n      url: \"http://localhost:3000/api/products/a0f7c522-78f8-442e-a55d-642cfe566634\",\n      method: \"GET\",\n      headers: {\n        Authorization: `Bearer ${_tokens.aliceToken}`\n      },\n      failOnStatusCode: false\n    }).then(response => {\n      const product = response.body;\n      expect(product.bids.some(bid => bid.id === \"8ccc6e79-f3c9-43e9-b47e-5be7b84d8de7\")).to.be.false;\n    });\n  });\n});",
              "err": {},
              "uuid": "4b4718ab-2789-4d24-918b-48acaa3ba24a",
              "parentUUID": "893fd8ca-84dc-4bae-b27e-587fe7b0ee2b",
              "isHook": false,
              "skipped": false
            }
          ],
          "suites": [],
          "passes": [
            "08427388-b1c3-4fe0-a3bf-029ad05d59a5",
            "14f71afe-ee72-4f3d-b4ba-36e88704c1c6",
            "0774f81e-bce9-44e5-b65a-a37ae3aedba5",
            "bf98a91e-1a06-4fdd-845c-d4a0823d0d44",
            "57e3a8b2-f1ab-471d-9cad-82f79c506d3d",
            "4b4718ab-2789-4d24-918b-48acaa3ba24a"
          ],
          "failures": [],
          "pending": [],
          "skipped": [],
          "duration": 455,
          "root": false,
          "rootEmpty": false,
          "_timeout": 2000
        },
        {
          "uuid": "86bd3317-b0fb-4c0d-bf81-8fbabab99401",
          "title": "GET /api/users/:userId",
          "fullFile": "",
          "file": "",
          "beforeHooks": [],
          "afterHooks": [],
          "tests": [
            {
              "title": "returns 404 - not found",
              "fullTitle": "GET /api/users/:userId returns 404 - not found",
              "timedOut": null,
              "duration": 72,
              "state": "passed",
              "speed": "fast",
              "pass": true,
              "fail": false,
              "pending": false,
              "context": null,
              "code": "cy.request({\n  url: \"http://localhost:3000/api/users/not-existing-id\",\n  failOnStatusCode: false\n}).its(\"status\").should(\"equal\", 404);",
              "err": {},
              "uuid": "f7cfe4d4-5781-4561-9314-9cfce7b4eda2",
              "parentUUID": "86bd3317-b0fb-4c0d-bf81-8fbabab99401",
              "isHook": false,
              "skipped": false
            },
            {
              "title": "returns 200 - success",
              "fullTitle": "GET /api/users/:userId returns 200 - success",
              "timedOut": null,
              "duration": 260,
              "state": "passed",
              "speed": "fast",
              "pass": true,
              "fail": false,
              "pending": false,
              "context": null,
              "code": "cy.request(\"http://localhost:3000/api/users/1f2fadb1-0d7e-47a7-9d5b-ed031d665d3e\").then(response => {\n  expect(response.status).to.be.eq(200);\n  expect(response.headers[\"content-type\"]).to.contains(\"application/json\");\n  const user = response.body;\n  expect(user.id).to.eq(\"1f2fadb1-0d7e-47a7-9d5b-ed031d665d3e\");\n  expect(user.username).to.be.eq(\"alice\");\n  expect(user.admin).to.be.false;\n  for (let product of user.products) {\n    expect(product.id).to.be.a(\"string\");\n    expect(product.id).to.match(_pattern.UUIDv4);\n    expect(product.description).to.be.a(\"string\");\n    expect(product.category).to.be.a(\"string\");\n    expect(product.originalPrice).to.be.a(\"number\");\n    expect(product.pictureUrl).to.be.a(\"string\");\n    expect(product.endDate).to.be.a(\"string\");\n    expect(product.endDate).to.match(_pattern.IOS8601);\n  }\n  for (let bid of user.bids) {\n    expect(bid.id).to.be.a(\"string\");\n    expect(bid.id).to.match(_pattern.UUIDv4);\n    expect(bid.price).to.be.a(\"number\");\n    expect(bid.date).to.be.a(\"string\");\n    expect(bid.date).to.match(_pattern.IOS8601);\n    expect(bid.product.id).to.a(\"string\");\n    expect(bid.product.id).to.match(_pattern.UUIDv4);\n    expect(bid.product.name).to.a(\"string\");\n  }\n});",
              "err": {},
              "uuid": "a0aa420c-cad7-405d-82ce-1f9c1bd98d62",
              "parentUUID": "86bd3317-b0fb-4c0d-bf81-8fbabab99401",
              "isHook": false,
              "skipped": false
            }
          ],
          "suites": [],
          "passes": [
            "f7cfe4d4-5781-4561-9314-9cfce7b4eda2",
            "a0aa420c-cad7-405d-82ce-1f9c1bd98d62"
          ],
          "failures": [],
          "pending": [],
          "skipped": [],
          "duration": 332,
          "root": false,
          "rootEmpty": false,
          "_timeout": 2000
        }
      ],
      "passes": [],
      "failures": [],
      "pending": [],
      "skipped": [],
      "duration": 0,
      "root": true,
      "rootEmpty": true,
      "_timeout": 2000
    }
  ],
  "meta": {
    "mocha": {
      "version": "7.0.1"
    },
    "mochawesome": {
      "options": {
        "quiet": false,
        "reportFilename": "mochawesome",
        "saveHtml": false,
        "saveJson": true,
        "consoleReporter": "spec",
        "useInlineDiffs": false,
        "code": true
      },
      "version": "7.1.3"
    },
    "marge": {
      "options": {
        "reportDir": "cypress/results",
        "overwrite": false,
        "html": false,
        "json": true
      },
      "version": "6.2.0"
    }
  }
}